<?xml version="1.0" encoding="UTF-8"?>
<testng-results ignored="0" total="5" passed="5" failed="0" skipped="0">
  <reporter-output>
  </reporter-output>
  <suite started-at="2021-05-20T08:01:44 PDT" name="Suite" finished-at="2021-05-20T08:01:44 PDT" duration-ms="101">
    <groups>
    </groups>
    <test started-at="2021-05-20T08:01:44 PDT" name="Test" finished-at="2021-05-20T08:01:44 PDT" duration-ms="101">
      <class name="test.TestClass3">
        <test-method signature="test5(java.lang.String)[pri:0, instance:test.TestClass3@1700915]" started-at="2021-05-20T08:01:44 PDT" name="test5" data-provider="testdata" finished-at="2021-05-20T08:01:44 PDT" duration-ms="13" status="PASS">
          <params>
            <param index="0">
              <value>
                <![CDATA[Viji]]>
              </value>
            </param>
          </params>
          <reporter-output>
          </reporter-output>
        </test-method> <!-- test5 -->
        <test-method signature="test5(java.lang.String)[pri:0, instance:test.TestClass3@1700915]" started-at="2021-05-20T08:01:44 PDT" name="test5" data-provider="testdata" finished-at="2021-05-20T08:01:44 PDT" duration-ms="2" status="PASS">
          <params>
            <param index="0">
              <value>
                <![CDATA[Raj]]>
              </value>
            </param>
          </params>
          <reporter-output>
          </reporter-output>
        </test-method> <!-- test5 -->
        <test-method signature="test5(java.lang.String)[pri:0, instance:test.TestClass3@1700915]" started-at="2021-05-20T08:01:44 PDT" name="test5" data-provider="testdata" finished-at="2021-05-20T08:01:44 PDT" duration-ms="2" status="PASS">
          <params>
            <param index="0">
              <value>
                <![CDATA[san]]>
              </value>
            </param>
          </params>
          <reporter-output>
          </reporter-output>
        </test-method> <!-- test5 -->
      </class> <!-- test.TestClass3 -->
      <class name="test.TestClass2">
        <test-method signature="test3()[pri:0, instance:test.TestClass2@4facf68f]" started-at="2021-05-20T08:01:44 PDT" name="test3" finished-at="2021-05-20T08:01:44 PDT" duration-ms="1" status="PASS">
          <reporter-output>
          </reporter-output>
        </test-method> <!-- test3 -->
        <test-method signature="test4()[pri:0, instance:test.TestClass2@4facf68f]" started-at="2021-05-20T08:01:44 PDT" name="test4" finished-at="2021-05-20T08:01:44 PDT" duration-ms="2" status="PASS">
          <reporter-output>
          </reporter-output>
        </test-method> <!-- test4 -->
      </class> <!-- test.TestClass2 -->
    </test> <!-- Test -->
  </suite> <!-- Suite -->
</testng-results>
