<?xml version="1.0" encoding="UTF-8"?>
<!-- Generated by org.testng.reporters.JUnitXMLReporter -->
<testsuite ignored="0" hostname="DESKTOP-OO0RRP4" failures="0" tests="5" name="Test" time="0.101" errors="0" timestamp="2021-05-20T08:01:44 PDT">
  <testcase classname="test.TestClass3" name="test5" time="0.013"/>
  <testcase classname="test.TestClass3" name="test5" time="0.002"/>
  <testcase classname="test.TestClass3" name="test5" time="0.002"/>
  <testcase classname="test.TestClass2" name="test3" time="0.001"/>
  <testcase classname="test.TestClass2" name="test4" time="0.002"/>
</testsuite> <!-- Test -->
